[debug] [2025-10-16T12:04:04.342Z] ----------------------------------------------------------------------
[debug] [2025-10-16T12:04:04.348Z] Command:       C:\Program Files\nodejs\node.exe C:\Users\nusai\AppData\Roaming\npm\node_modules\firebase-tools\lib\bin\firebase.js init
[debug] [2025-10-16T12:04:04.348Z] CLI Version:   14.20.0
[debug] [2025-10-16T12:04:04.349Z] Platform:      win32
[debug] [2025-10-16T12:04:04.349Z] Node Version:  v22.20.0
[debug] [2025-10-16T12:04:04.349Z] Time:          Thu Oct 16 2025 17:34:04 GMT+0530 (India Standard Time)
[debug] [2025-10-16T12:04:04.350Z] ----------------------------------------------------------------------
[debug] 
[debug] [2025-10-16T12:04:04.537Z] Object "/functions" in "firebase.json" has unknown property: {"additionalProperty":"timeout"}
[debug] [2025-10-16T12:04:04.537Z] Object "/functions" in "firebase.json" is missing required property: {"missingProperty":"remoteSource"}
[debug] [2025-10-16T12:04:04.537Z] Field "/functions" in "firebase.json" is possibly invalid: must be array
[debug] [2025-10-16T12:04:04.537Z] Field "/functions" in "firebase.json" is possibly invalid: must match a schema in anyOf
[debug] [2025-10-16T12:04:04.540Z] Object "/functions" in "firebase.json" has unknown property: {"additionalProperty":"timeout"}
[debug] [2025-10-16T12:04:04.540Z] Object "/functions" in "firebase.json" is missing required property: {"missingProperty":"remoteSource"}
[debug] [2025-10-16T12:04:04.540Z] Field "/functions" in "firebase.json" is possibly invalid: must be array
[debug] [2025-10-16T12:04:04.540Z] Field "/functions" in "firebase.json" is possibly invalid: must match a schema in anyOf
[info] 
     ######## #### ########  ######## ########     ###     ######  ########
     ##        ##  ##     ## ##       ##     ##  ##   ##  ##       ##
     ######    ##  ########  ######   ########  #########  ######  ######
     ##        ##  ##    ##  ##       ##     ## ##     ##       ## ##
     ##       #### ##     ## ######## ########  ##     ##  ######  ########

You're about to initialize a Firebase project in this directory:

  D:\DtecBot\DtecBot

Before we get started, keep in mind:

  * You are initializing within an existing Firebase project directory

[info] 
=== Project Setup
[info] 
[info] First, let's associate this project directory with a Firebase project.
[info] You can create multiple project aliases by running firebase use --add, 
[info] 
[debug] [2025-10-16T12:04:19.514Z] > command requires scopes: ["email","openid","https://www.googleapis.com/auth/cloudplatformprojects.readonly","https://www.googleapis.com/auth/firebase","https://www.googleapis.com/auth/cloud-platform"]
[debug] [2025-10-16T12:04:19.514Z] > authorizing via signed-in user (nusaifputhiyakath1@gmail.com)
[debug] [2025-10-16T12:04:19.516Z] Checked if tokens are valid: true, expires at: 1760619784081
[debug] [2025-10-16T12:04:19.516Z] Checked if tokens are valid: true, expires at: 1760619784081
[debug] [2025-10-16T12:04:19.517Z] >>> [apiv2][query] GET https://firebase.googleapis.com/v1beta1/projects/your-firebase-project-id [none]
[debug] [2025-10-16T12:04:20.656Z] <<< [apiv2][status] GET https://firebase.googleapis.com/v1beta1/projects/your-firebase-project-id 403
[debug] [2025-10-16T12:04:20.656Z] <<< [apiv2][body] GET https://firebase.googleapis.com/v1beta1/projects/your-firebase-project-id {"error":{"code":403,"message":"The caller does not have permission","status":"PERMISSION_DENIED"}}
[debug] [2025-10-16T12:04:20.657Z] Request to https://firebase.googleapis.com/v1beta1/projects/your-firebase-project-id had HTTP Error: 403, The caller does not have permission
[debug] [2025-10-16T12:04:21.080Z] FirebaseError: Request to https://firebase.googleapis.com/v1beta1/projects/your-firebase-project-id had HTTP Error: 403, The caller does not have permission
    at responseToError (C:\Users\nusai\AppData\Roaming\npm\node_modules\firebase-tools\lib\responseToError.js:53:12)
    at RetryOperation._fn (C:\Users\nusai\AppData\Roaming\npm\node_modules\firebase-tools\lib\apiv2.js:312:77)
    at process.processTicksAndRejections (node:internal/process/task_queues:105:5)
[error] 
[error] Error: Failed to get Firebase project your-firebase-project-id. Please make sure the project exists and your account has permission to access it.
[debug] [2025-10-16T12:04:26.211Z] ----------------------------------------------------------------------
[debug] [2025-10-16T12:04:26.214Z] Command:       C:\Program Files\nodejs\node.exe C:\Users\nusai\AppData\Roaming\npm\node_modules\firebase-tools\lib\bin\firebase.js init
[debug] [2025-10-16T12:04:26.215Z] CLI Version:   14.20.0
[debug] [2025-10-16T12:04:26.215Z] Platform:      win32
[debug] [2025-10-16T12:04:26.215Z] Node Version:  v22.20.0
[debug] [2025-10-16T12:04:26.216Z] Time:          Thu Oct 16 2025 17:34:26 GMT+0530 (India Standard Time)
[debug] [2025-10-16T12:04:26.216Z] ----------------------------------------------------------------------
[debug] 
[debug] [2025-10-16T12:04:26.463Z] Object "/functions" in "firebase.json" has unknown property: {"additionalProperty":"timeout"}
[debug] [2025-10-16T12:04:26.464Z] Object "/functions" in "firebase.json" is missing required property: {"missingProperty":"remoteSource"}
[debug] [2025-10-16T12:04:26.464Z] Field "/functions" in "firebase.json" is possibly invalid: must be array
[debug] [2025-10-16T12:04:26.464Z] Field "/functions" in "firebase.json" is possibly invalid: must match a schema in anyOf
[debug] [2025-10-16T12:04:26.467Z] Object "/functions" in "firebase.json" has unknown property: {"additionalProperty":"timeout"}
[debug] [2025-10-16T12:04:26.468Z] Object "/functions" in "firebase.json" is missing required property: {"missingProperty":"remoteSource"}
[debug] [2025-10-16T12:04:26.468Z] Field "/functions" in "firebase.json" is possibly invalid: must be array
[debug] [2025-10-16T12:04:26.468Z] Field "/functions" in "firebase.json" is possibly invalid: must match a schema in anyOf
[info] 
     ######## #### ########  ######## ########     ###     ######  ########
     ##        ##  ##     ## ##       ##     ##  ##   ##  ##       ##
     ######    ##  ########  ######   ########  #########  ######  ######
     ##        ##  ##    ##  ##       ##     ## ##     ##       ## ##
     ##       #### ##     ## ######## ########  ##     ##  ######  ########

You're about to initialize a Firebase project in this directory:

  D:\DtecBot\DtecBot

Before we get started, keep in mind:

  * You are initializing within an existing Firebase project directory

[info] 
=== Project Setup
[info] 
[info] First, let's associate this project directory with a Firebase project.
[info] You can create multiple project aliases by running firebase use --add, 
[info] 
[debug] [2025-10-16T12:04:56.879Z] > command requires scopes: ["email","openid","https://www.googleapis.com/auth/cloudplatformprojects.readonly","https://www.googleapis.com/auth/firebase","https://www.googleapis.com/auth/cloud-platform"]
[debug] [2025-10-16T12:04:56.879Z] > authorizing via signed-in user (nusaifputhiyakath1@gmail.com)
[debug] [2025-10-16T12:04:56.881Z] Checked if tokens are valid: true, expires at: 1760619784081
[debug] [2025-10-16T12:04:56.881Z] Checked if tokens are valid: true, expires at: 1760619784081
[debug] [2025-10-16T12:04:56.883Z] >>> [apiv2][query] GET https://firebase.googleapis.com/v1beta1/projects/your-firebase-project-id [none]
[debug] [2025-10-16T12:04:58.468Z] <<< [apiv2][status] GET https://firebase.googleapis.com/v1beta1/projects/your-firebase-project-id 403
[debug] [2025-10-16T12:04:58.469Z] <<< [apiv2][body] GET https://firebase.googleapis.com/v1beta1/projects/your-firebase-project-id {"error":{"code":403,"message":"The caller does not have permission","status":"PERMISSION_DENIED"}}
[debug] [2025-10-16T12:04:58.469Z] Request to https://firebase.googleapis.com/v1beta1/projects/your-firebase-project-id had HTTP Error: 403, The caller does not have permission
[debug] [2025-10-16T12:04:59.480Z] FirebaseError: Request to https://firebase.googleapis.com/v1beta1/projects/your-firebase-project-id had HTTP Error: 403, The caller does not have permission
    at responseToError (C:\Users\nusai\AppData\Roaming\npm\node_modules\firebase-tools\lib\responseToError.js:53:12)
    at RetryOperation._fn (C:\Users\nusai\AppData\Roaming\npm\node_modules\firebase-tools\lib\apiv2.js:312:77)
    at process.processTicksAndRejections (node:internal/process/task_queues:105:5)
[error] 
[error] Error: Failed to get Firebase project your-firebase-project-id. Please make sure the project exists and your account has permission to access it.
[debug] [2025-10-16T12:05:43.134Z] ----------------------------------------------------------------------
[debug] [2025-10-16T12:05:43.138Z] Command:       C:\Program Files\nodejs\node.exe C:\Users\nusai\AppData\Roaming\npm\node_modules\firebase-tools\lib\bin\firebase.js projects:create dtec
[debug] [2025-10-16T12:05:43.138Z] CLI Version:   14.20.0
[debug] [2025-10-16T12:05:43.139Z] Platform:      win32
[debug] [2025-10-16T12:05:43.139Z] Node Version:  v22.20.0
[debug] [2025-10-16T12:05:43.139Z] Time:          Thu Oct 16 2025 17:35:43 GMT+0530 (India Standard Time)
[debug] [2025-10-16T12:05:43.139Z] ----------------------------------------------------------------------
[debug] 
[debug] [2025-10-16T12:05:43.322Z] Object "/functions" in "firebase.json" has unknown property: {"additionalProperty":"timeout"}
[debug] [2025-10-16T12:05:43.323Z] Object "/functions" in "firebase.json" is missing required property: {"missingProperty":"remoteSource"}
[debug] [2025-10-16T12:05:43.323Z] Field "/functions" in "firebase.json" is possibly invalid: must be array
[debug] [2025-10-16T12:05:43.323Z] Field "/functions" in "firebase.json" is possibly invalid: must match a schema in anyOf
[debug] [2025-10-16T12:05:43.326Z] > command requires scopes: ["email","openid","https://www.googleapis.com/auth/cloudplatformprojects.readonly","https://www.googleapis.com/auth/firebase","https://www.googleapis.com/auth/cloud-platform"]
[debug] [2025-10-16T12:05:43.326Z] > authorizing via signed-in user (nusaifputhiyakath1@gmail.com)
[debug] [2025-10-16T12:05:50.805Z] Checked if tokens are valid: true, expires at: 1760619784081
[debug] [2025-10-16T12:05:50.806Z] Checked if tokens are valid: true, expires at: 1760619784081
[debug] [2025-10-16T12:05:50.807Z] >>> [apiv2][query] POST https://cloudresourcemanager.googleapis.com/v1/projects [none]
[debug] [2025-10-16T12:05:50.807Z] >>> [apiv2][body] POST https://cloudresourcemanager.googleapis.com/v1/projects {"projectId":"dtec","name":"dtec"}
[debug] [2025-10-16T12:05:53.051Z] <<< [apiv2][status] POST https://cloudresourcemanager.googleapis.com/v1/projects 400
[debug] [2025-10-16T12:05:53.052Z] <<< [apiv2][body] POST https://cloudresourcemanager.googleapis.com/v1/projects {"error":{"code":400,"message":"field [project_id] has issue [project_id must be at least 6 characters long]","status":"INVALID_ARGUMENT","details":[{"@type":"type.googleapis.com/google.rpc.BadRequest","fieldViolations":[{"field":"project_id","description":"project_id must be at least 6 characters long"}]},{"@type":"type.googleapis.com/google.rpc.Help","links":[{"url":"https://cloud.google.com/resource-manager/reference/rest/v1/projects"}]}]}}
[debug] [2025-10-16T12:05:53.763Z] FirebaseError: Request to https://cloudresourcemanager.googleapis.com/v1/projects had HTTP Error: 400, field [project_id] has issue [project_id must be at least 6 characters long]
    at responseToError (C:\Users\nusai\AppData\Roaming\npm\node_modules\firebase-tools\lib\responseToError.js:53:12)
    at RetryOperation._fn (C:\Users\nusai\AppData\Roaming\npm\node_modules\firebase-tools\lib\apiv2.js:312:77)
    at process.processTicksAndRejections (node:internal/process/task_queues:105:5)
[error] 
[error] Error: Failed to create project. See firebase-debug.log for more info.
